<?xml version="1.0" encoding="UTF-8"?>
<!-- Generated by org.testng.reporters.JUnitReportReporter -->
<testsuite hostname="DESKTOP-I5MV7FE" failures="0" tests="12" name="NewProject.Almosafer.AppTest" time="٤٤.٨٥٠" errors="0" timestamp="٢٠٢٥-٠٥-٠٥T٠١:٤٦:٢٨ غرينتش+٠٣:٠٠" skipped="11">
  <testcase classname="NewProject.Almosafer.AppTest" name="NewPage" time="٤٤.٨٥٠"/>
  <system-out/>
  <testcase classname="NewProject.Almosafer.AppTest" name="Randomly_Select">
    <skipped/>
  </testcase> <!-- Randomly_Select -->
  <system-out/>
  <testcase classname="NewProject.Almosafer.AppTest" name="Hotelsbtn">
    <skipped/>
  </testcase> <!-- Hotelsbtn -->
  <system-out/>
  <testcase classname="NewProject.Almosafer.AppTest" name="Language">
    <skipped/>
  </testcase> <!-- Language -->
  <system-out/>
  <testcase classname="NewProject.Almosafer.AppTest" name="Flight_departure">
    <skipped/>
  </testcase> <!-- Flight_departure -->
  <system-out/>
  <testcase classname="NewProject.Almosafer.AppTest" name="Flight_return">
    <skipped/>
  </testcase> <!-- Flight_return -->
  <system-out/>
  <testcase classname="NewProject.Almosafer.AppTest" name="Random_Hotel">
    <skipped/>
  </testcase> <!-- Random_Hotel -->
  <system-out/>
  <testcase classname="NewProject.Almosafer.AppTest" name="Logo">
    <skipped/>
  </testcase> <!-- Logo -->
  <system-out/>
  <testcase classname="NewProject.Almosafer.AppTest" name="Search_Tab">
    <skipped/>
  </testcase> <!-- Search_Tab -->
  <system-out/>
  <testcase classname="NewProject.Almosafer.AppTest" name="RLanguage">
    <skipped/>
  </testcase> <!-- RLanguage -->
  <system-out/>
  <testcase classname="NewProject.Almosafer.AppTest" name="Sar">
    <skipped/>
  </testcase> <!-- Sar -->
  <system-out/>
  <testcase classname="NewProject.Almosafer.AppTest" name="Number">
    <skipped/>
  </testcase> <!-- Number -->
  <system-out/>
</testsuite> <!-- NewProject.Almosafer.AppTest -->
